<?xml version="1.0" encoding="UTF-8"?>
<!-- Generated by org.testng.reporters.JUnitReportReporter -->
<testsuite hostname="IBM-PF3NYW1H" failures="0" tests="3" name="Stream1" time="0.021" errors="0" timestamp="2024-05-22T12:28:45 IST" skipped="0">
  <testcase classname="Stream1" name="streamFilter" time="0.006"/>
  <testcase classname="Stream1" name="streamCollect" time="0.010"/>
  <testcase classname="Stream1" name="streamMap" time="0.005"/>
</testsuite> <!-- Stream1 -->
