<?xml version="1.0" encoding="UTF-8"?>
<!-- Generated by org.testng.reporters.JUnitReportReporter -->
<testsuite hostname="IBM-PF3NYW1H" failures="0" tests="1" name="Test.day2" time="0.001" errors="0" timestamp="2024-05-24T19:00:46 IST" skipped="0">
  <testcase classname="Test.day2" name="day2demo2" time="0.001"/>
  <system-out/>
</testsuite> <!-- Test.day2 -->
