<?xml version="1.0" encoding="UTF-8"?>
<!-- Generated by org.testng.reporters.JUnitReportReporter -->
<testsuite hostname="IBM-PF3NYW1H" failures="0" tests="1" name="Test.day1" time="0.004" errors="0" timestamp="2024-05-24T19:00:46 IST" skipped="0">
  <testcase classname="Test.day1" name="demo" time="0.004"/>
  <system-out/>
</testsuite> <!-- Test.day1 -->
