<?xml version="1.0" encoding="UTF-8"?>
<!-- Generated by org.testng.reporters.JUnitReportReporter -->
<testsuite hostname="IBM-PF3NYW1H" failures="0" tests="3" name="Test.day4" time="0.002" errors="0" timestamp="2024-05-24T19:00:46 IST" skipped="0">
  <testcase classname="Test.day4" name="apiLoginHomeLoan" time="0.001"/>
  <system-out/>
  <testcase classname="Test.day4" name="webLoginHomeLoan" time="0.001"/>
  <system-out/>
  <testcase classname="Test.day4" name="mobileLoginHomeLoan" time="0.000"/>
  <system-out/>
</testsuite> <!-- Test.day4 -->
