<?xml version="1.0" encoding="UTF-8"?>
<!-- Generated by org.testng.reporters.JUnitReportReporter -->
<testsuite hostname="IBM-PF3NYW1H" failures="0" tests="7" name="Test.day3" time="0.011" errors="0" timestamp="2024-05-24T19:00:46 IST" skipped="1">
  <testcase classname="Test.day3" name="apiLogoutCarLoan1" time="0.001"/>
  <system-out/>
  <testcase classname="Test.day3" name="apiLogoutCarLoan1" time="0.001"/>
  <system-out/>
  <testcase classname="Test.day3" name="apiLogoutCarLoan1" time="0.001"/>
  <system-out/>
  <testcase classname="Test.day3" name="apiLogoutCarLoan" time="0.004"/>
  <system-out/>
  <testcase classname="Test.day3" name="apiLoginCarLoan" time="0.003"/>
  <system-out/>
  <testcase classname="Test.day3" name="webLoginCarLoan" time="0.001"/>
  <system-out/>
  <testcase classname="Test.day3" name="mobileLoginCarLoan">
    <skipped/>
  </testcase> <!-- mobileLoginCarLoan -->
  <system-out/>
</testsuite> <!-- Test.day3 -->
