<?xml version="1.0" encoding="UTF-8"?>
<!-- Generated by org.testng.reporters.JUnitReportReporter -->
<testsuite hostname="IBM-PF3NYW1H" failures="0" tests="1" name="javapackage.TestNG9Alert" time="10.819" errors="0" timestamp="2024-05-11T10:26:49 IST" skipped="0">
  <testcase classname="javapackage.TestNG9Alert" name="alertWindow" time="10.819"/>
  <system-out/>
</testsuite> <!-- javapackage.TestNG9Alert -->
