<?xml version="1.0" encoding="UTF-8"?>
<!-- Generated by org.testng.reporters.JUnitReportReporter -->
<testsuite hostname="IBM-PF3NYW1H" failures="0" tests="2" name="javapackage.TestNG2" time="0.003" errors="0" timestamp="2024-05-11T10:04:26 IST" skipped="0">
  <testcase classname="javapackage.TestNG2" name="h" time="0.002"/>
  <system-out/>
  <testcase classname="javapackage.TestNG2" name="z" time="0.001"/>
  <system-out/>
</testsuite> <!-- javapackage.TestNG2 -->
