<?xml version="1.0" encoding="UTF-8"?>
<!-- Generated by org.testng.reporters.JUnitReportReporter -->
<testsuite hostname="IBM-PF3NYW1H" failures="0" tests="2" name="javapackage.TestNG1" time="0.015" errors="0" timestamp="2024-05-11T10:04:26 IST" skipped="0">
  <testcase classname="javapackage.TestNG1" name="bali" time="0.003"/>
  <system-out/>
  <testcase classname="javapackage.TestNG1" name="amit" time="0.012"/>
  <system-out/>
</testsuite> <!-- javapackage.TestNG1 -->
