<?xml version="1.0" encoding="UTF-8"?>
<!-- Generated by org.testng.reporters.JUnitReportReporter -->
<testsuite hostname="IBM-PF3NYW1H" failures="0" tests="4" name="javapackage.TestNG4" time="0.008" errors="0" timestamp="2024-05-22T17:10:22 IST" skipped="2">
  <testcase classname="javapackage.TestNG4" name="a" time="0.006"/>
  <system-out/>
  <testcase classname="javapackage.TestNG4" name="d" time="0.001">
    <skipped/>
  </testcase> <!-- d -->
  <system-out/>
  <testcase classname="javapackage.TestNG4" name="z" time="0.001"/>
  <system-out/>
  <testcase classname="javapackage.TestNG4" name="b">
    <skipped/>
  </testcase> <!-- b -->
  <system-out/>
</testsuite> <!-- javapackage.TestNG4 -->
