<?xml version="1.0" encoding="UTF-8"?>
<!-- Generated by org.testng.reporters.JUnitReportReporter -->
<testsuite hostname="IBM-PF3NYW1H" failures="0" tests="6" name="javapackage.TestNG3" time="0.016" errors="0" timestamp="2024-05-22T17:06:42 IST" skipped="0">
  <testcase classname="javapackage.TestNG3" name="a" time="0.010"/>
  <system-out/>
  <testcase classname="javapackage.TestNG3" name="b" time="0.002"/>
  <system-out/>
  <testcase classname="javapackage.TestNG3" name="x" time="0.001"/>
  <system-out/>
  <testcase classname="javapackage.TestNG3" name="z" time="0.001"/>
  <system-out/>
  <testcase classname="javapackage.TestNG3" name="c" time="0.001"/>
  <system-out/>
  <testcase classname="javapackage.TestNG3" name="u" time="0.001"/>
  <system-out/>
</testsuite> <!-- javapackage.TestNG3 -->
